<?xml version="1.0" encoding="UTF-8"?>
<!-- Generated by org.testng.reporters.JUnitReportReporter -->
<testsuite hostname="Max-PC" name="homepag.loginpage" tests="2" failures="0" timestamp="7 Dec 2016 16:03:06 GMT" time="0.016" errors="0">
  <testcase name="userid" time="0.013" classname="homepag.loginpage"/>
  <testcase name="userid" time="0.003" classname="homepag.loginpage"/>
</testsuite> <!-- homepag.loginpage -->
